Flutter crash report.
Please report a bug at https://github.com/flutter/flutter/issues.

## command

flutter test --machine --start-paused --name ^SearchScreen displays a list of items and allows searching( \(variant: .*\))?$ --run-skipped -d emulator-5554 C:\Users\ssasi\OneDrive\Documents\testapp\Project_final\khongmongkol\lib\screen\test\search_screen_test.dart

## exception

PathNotFoundException: PathNotFoundException: Cannot open file, path = 'build\unit_test_assets\assets/thursday/plant/%E0%B8%A7%E0%B9%88%E0%B8%B2%E0%B8%99%E0%B9%80%E0%B8%9E%E0%B8%8A%E0%B8%A3%E0%B8%99%E0%B8%B2%E0%B8%A3%E0%B8%B2%E0%B8%A2%E0%B8%93%E0%B9%8C.jpg' (OS Error: The system cannot find the path specified.
, errno = 3)

```
#0      _File.throwIfError (dart:io/file_impl.dart:675:7)
#1      _File.openSync (dart:io/file_impl.dart:490:5)
#2      ForwardingFile.openSync (package:file/src/forwarding/forwarding_file.dart:74:16)
#3      ErrorHandlingFile.openSync.<anonymous closure> (package:flutter_tools/src/base/error_handling_io.dart:294:22)
#4      _runSync (package:flutter_tools/src/base/error_handling_io.dart:587:14)
#5      ErrorHandlingFile.openSync (package:flutter_tools/src/base/error_handling_io.dart:293:12)
#6      ErrorHandlingFile.copySync.<anonymous closure> (package:flutter_tools/src/base/error_handling_io.dart:337:27)
#7      _runSync (package:flutter_tools/src/base/error_handling_io.dart:587:14)
#8      ErrorHandlingFile.copySync (package:flutter_tools/src/base/error_handling_io.dart:332:5)
#9      writeBundle.<anonymous closure> (package:flutter_tools/src/bundle_builder.dart:230:19)
<asynchronous suspension>
#10     Future.wait.<anonymous closure> (dart:async/future.dart:524:21)
<asynchronous suspension>
#11     writeBundle (package:flutter_tools/src/bundle_builder.dart:185:3)
<asynchronous suspension>
#12     TestCommand._buildTestAsset (package:flutter_tools/src/commands/test.dart:682:7)
<asynchronous suspension>
#13     TestCommand.runCommand (package:flutter_tools/src/commands/test.dart:412:7)
<asynchronous suspension>
#14     FlutterCommand.run.<anonymous closure> (package:flutter_tools/src/runner/flutter_command.dart:1394:27)
<asynchronous suspension>
#15     AppContext.run.<anonymous closure> (package:flutter_tools/src/base/context.dart:153:19)
<asynchronous suspension>
#16     CommandRunner.runCommand (package:args/command_runner.dart:212:13)
<asynchronous suspension>
#17     FlutterCommandRunner.runCommand.<anonymous closure> (package:flutter_tools/src/runner/flutter_command_runner.dart:372:9)
<asynchronous suspension>
#18     AppContext.run.<anonymous closure> (package:flutter_tools/src/base/context.dart:153:19)
<asynchronous suspension>
#19     FlutterCommandRunner.runCommand (package:flutter_tools/src/runner/flutter_command_runner.dart:308:5)
<asynchronous suspension>
#20     run.<anonymous closure>.<anonymous closure> (package:flutter_tools/runner.dart:130:9)
<asynchronous suspension>
#21     AppContext.run.<anonymous closure> (package:flutter_tools/src/base/context.dart:153:19)
<asynchronous suspension>
#22     main (package:flutter_tools/executable.dart:93:3)
<asynchronous suspension>
```

## flutter doctor

```
[✓] Flutter (Channel stable, 3.22.2, on Microsoft Windows [Version 10.0.22631.4169], locale th-TH)
    • Flutter version 3.22.2 on channel stable at C:\Dev\flutter
    • Upstream repository https://github.com/flutter/flutter.git
    • Framework revision 761747bfc5 (4 months ago), 2024-06-05 22:15:13 +0200
    • Engine revision edd8546116
    • Dart version 3.4.3
    • DevTools version 2.34.3

[✓] Windows Version (Installed version of Windows is version 10 or higher)

[✓] Android toolchain - develop for Android devices (Android SDK version 34.0.0)
    • Android SDK at C:\Users\ssasi\AppData\Local\Android\sdk
    • Platform android-34, build-tools 34.0.0
    • Java binary at: C:\Program Files\Android\Android Studio\jbr\bin\java
    • Java version OpenJDK Runtime Environment (build 17.0.11+0--11852314)
    • All Android licenses accepted.

[✓] Chrome - develop for the web
    • Chrome at C:\Program Files\Google\Chrome\Application\chrome.exe

[✗] Visual Studio - develop Windows apps
    ✗ Visual Studio not installed; this is necessary to develop Windows apps.
      Download at https://visualstudio.microsoft.com/downloads/.
      Please install the "Desktop development with C++" workload, including all of its default components

[✓] Android Studio (version 2024.1)
    • Android Studio at C:\Program Files\Android\Android Studio
    • Flutter plugin can be installed from:
      🔨 https://plugins.jetbrains.com/plugin/9212-flutter
    • Dart plugin can be installed from:
      🔨 https://plugins.jetbrains.com/plugin/6351-dart
    • Java version OpenJDK Runtime Environment (build 17.0.11+0--11852314)

[✓] VS Code (version 1.94.2)
    • VS Code at C:\Users\ssasi\AppData\Local\Programs\Microsoft VS Code
    • Flutter extension version 3.98.0

[✓] Connected device (4 available)
    • sdk gphone64 x86 64 (mobile) • emulator-5554 • android-x64    • Android 14 (API 34) (emulator)
    • Windows (desktop)            • windows       • windows-x64    • Microsoft Windows [Version 10.0.22631.4169]
    • Chrome (web)                 • chrome        • web-javascript • Google Chrome 129.0.6668.100
    • Edge (web)                   • edge          • web-javascript • Microsoft Edge 129.0.2792.89

[✓] Network resources
    • All expected network resources are available.

! Doctor found issues in 1 category.
```
